<?xml version="1.0" encoding="UTF-8"?>
<testng-results skipped="0" failed="0" ignored="0" total="1" passed="1">
  <reporter-output>
  </reporter-output>
  <suite name="Surefire suite" duration-ms="110" started-at="2019-09-12T12:09:05 MSK" finished-at="2019-09-12T12:09:05 MSK">
    <groups>
    </groups>
    <test name="Surefire test" duration-ms="110" started-at="2019-09-12T12:09:05 MSK" finished-at="2019-09-12T12:09:05 MSK">
      <class name="by.popovich.last.AppTest">
        <test-method status="PASS" signature="shouldAnswerWithTrue()" name="shouldAnswerWithTrue" duration-ms="16" started-at="2019-09-12T12:09:05 MSK" finished-at="2019-09-12T12:09:05 MSK">
          <reporter-output>
          </reporter-output>
        </test-method> <!-- shouldAnswerWithTrue -->
      </class> <!-- by.popovich.last.AppTest -->
    </test> <!-- Surefire test -->
  </suite> <!-- Surefire suite -->
</testng-results>
